This file contains any messages produced by compilers while
running configure, to aid debugging if configure makes a mistake.

It was created by fawncalc configure 0.0, which was
generated by GNU Autoconf 2.61.  Invocation command line was

  $ ./configure 

## --------- ##
## Platform. ##
## --------- ##

hostname = flag
uname -m = x86_64
uname -r = 5.4.32-grsec-grsec-plus+
uname -s = Linux
uname -v = #1 SMP Sat Apr 18 03:13:45 UTC 2020

/usr/bin/uname -p = unknown
/bin/uname -X     = unknown

/bin/arch              = unknown
/usr/bin/arch -k       = unknown
/usr/convex/getsysinfo = unknown
/usr/bin/hostinfo      = unknown
/bin/machine           = unknown
/usr/bin/oslevel       = unknown
/bin/universe          = unknown

PATH: /home/itomato/packages/bin
PATH: /home/itomato/.gems/bin
PATH: /usr/lib/ruby/gems/1.8/bin/
PATH: /usr/local/bin
PATH: /usr/bin
PATH: /bin
PATH: /usr/bin/X11
PATH: /usr/games


## ----------- ##
## Core tests. ##
## ----------- ##

configure:1742: checking for gcc
configure:1758: found /usr/bin/gcc
configure:1769: result: gcc
configure:2007: checking for C compiler version
configure:2014: gcc --version >&5
gcc (Ubuntu 7.5.0-3ubuntu1~18.04) 7.5.0
Copyright (C) 2017 Free Software Foundation, Inc.
This is free software; see the source for copying conditions.  There is NO
warranty; not even for MERCHANTABILITY or FITNESS FOR A PARTICULAR PURPOSE.

configure:2017: $? = 0
configure:2024: gcc -v >&5
Using built-in specs.
COLLECT_GCC=gcc
COLLECT_LTO_WRAPPER=/usr/lib/gcc/x86_64-linux-gnu/7/lto-wrapper
OFFLOAD_TARGET_NAMES=nvptx-none
OFFLOAD_TARGET_DEFAULT=1
Target: x86_64-linux-gnu
Configured with: ../src/configure -v --with-pkgversion='Ubuntu 7.5.0-3ubuntu1~18.04' --with-bugurl=file:///usr/share/doc/gcc-7/README.Bugs --enable-languages=c,ada,c++,go,brig,d,fortran,objc,obj-c++ --prefix=/usr --with-gcc-major-version-only --program-suffix=-7 --program-prefix=x86_64-linux-gnu- --enable-shared --enable-linker-build-id --libexecdir=/usr/lib --without-included-gettext --enable-threads=posix --libdir=/usr/lib --enable-nls --enable-bootstrap --enable-clocale=gnu --enable-libstdcxx-debug --enable-libstdcxx-time=yes --with-default-libstdcxx-abi=new --enable-gnu-unique-object --disable-vtable-verify --enable-libmpx --enable-plugin --enable-default-pie --with-system-zlib --with-target-system-zlib --enable-objc-gc=auto --enable-multiarch --disable-werror --with-arch-32=i686 --with-abi=m64 --with-multilib-list=m32,m64,mx32 --enable-multilib --with-tune=generic --enable-offload-targets=nvptx-none --without-cuda-driver --enable-checking=release --build=x86_64-linux-gnu --host=x86_64-linux-gnu --target=x86_64-linux-gnu
Thread model: posix
gcc version 7.5.0 (Ubuntu 7.5.0-3ubuntu1~18.04) 
configure:2027: $? = 0
configure:2034: gcc -V >&5
gcc: error: unrecognized command line option '-V'
gcc: fatal error: no input files
compilation terminated.
configure:2037: $? = 1
configure:2060: checking for C compiler default output file name
configure:2087: gcc    conftest.c  >&5
configure:2090: $? = 0
configure:2128: result: a.out
configure:2145: checking whether the C compiler works
configure:2155: ./a.out
configure:2158: $? = 0
configure:2175: result: yes
configure:2182: checking whether we are cross compiling
configure:2184: result: no
configure:2187: checking for suffix of executables
configure:2194: gcc -o conftest    conftest.c  >&5
configure:2197: $? = 0
configure:2221: result: 
configure:2227: checking for suffix of object files
configure:2253: gcc -c   conftest.c >&5
configure:2256: $? = 0
configure:2279: result: o
configure:2283: checking whether we are using the GNU C compiler
configure:2312: gcc -c   conftest.c >&5
configure:2318: $? = 0
configure:2335: result: yes
configure:2340: checking whether gcc accepts -g
configure:2370: gcc -c -g  conftest.c >&5
configure:2376: $? = 0
configure:2475: result: yes
configure:2492: checking for gcc option to accept ISO C89
configure:2566: gcc  -c -g -O2  conftest.c >&5
configure:2572: $? = 0
configure:2595: result: none needed
configure:2616: checking for gnuplot
configure:2634: found /usr/bin/gnuplot
configure:2646: result: /usr/bin/gnuplot
configure:2671: checking for crypt in -lcrypt
configure:2706: gcc -o conftest -g -O2   conftest.c -lcrypt   >&5
configure:2712: $? = 0
configure:2730: result: yes
configure:2748: checking how to run the C preprocessor
configure:2788: gcc -E  conftest.c
configure:2794: $? = 0
configure:2825: gcc -E  conftest.c
conftest.c:10:10: fatal error: ac_nonexistent.h: No such file or directory
 #include <ac_nonexistent.h>
          ^~~~~~~~~~~~~~~~~~
compilation terminated.
configure:2831: $? = 1
configure: failed program was:
| /* confdefs.h.  */
| #define PACKAGE_NAME "fawncalc"
| #define PACKAGE_TARNAME "fawncalc"
| #define PACKAGE_VERSION "0.0"
| #define PACKAGE_STRING "fawncalc 0.0"
| #define PACKAGE_BUGREPORT "juddy@ydduj.org"
| #define GNUPLOT "/usr/bin/gnuplot"
| #define HAVE_LIBCRYPT 1
| /* end confdefs.h.  */
| #include <ac_nonexistent.h>
configure:2864: result: gcc -E
configure:2893: gcc -E  conftest.c
configure:2899: $? = 0
configure:2930: gcc -E  conftest.c
conftest.c:10:10: fatal error: ac_nonexistent.h: No such file or directory
 #include <ac_nonexistent.h>
          ^~~~~~~~~~~~~~~~~~
compilation terminated.
configure:2936: $? = 1
configure: failed program was:
| /* confdefs.h.  */
| #define PACKAGE_NAME "fawncalc"
| #define PACKAGE_TARNAME "fawncalc"
| #define PACKAGE_VERSION "0.0"
| #define PACKAGE_STRING "fawncalc 0.0"
| #define PACKAGE_BUGREPORT "juddy@ydduj.org"
| #define GNUPLOT "/usr/bin/gnuplot"
| #define HAVE_LIBCRYPT 1
| /* end confdefs.h.  */
| #include <ac_nonexistent.h>
configure:2974: checking for grep that handles long lines and -e
configure:3048: result: /bin/grep
configure:3053: checking for egrep
configure:3131: result: /bin/grep -E
configure:3136: checking for ANSI C header files
configure:3166: gcc -c -g -O2  conftest.c >&5
configure:3172: $? = 0
configure:3271: gcc -o conftest -g -O2   conftest.c -lcrypt  >&5
configure:3274: $? = 0
configure:3280: ./conftest
configure:3283: $? = 0
configure:3300: result: yes
configure:3310: checking for sys/wait.h that is POSIX.1 compatible
configure:3346: gcc -c -g -O2  conftest.c >&5
configure:3352: $? = 0
configure:3367: result: yes
configure:3391: checking for sys/types.h
configure:3412: gcc -c -g -O2  conftest.c >&5
configure:3418: $? = 0
configure:3434: result: yes
configure:3391: checking for sys/stat.h
configure:3412: gcc -c -g -O2  conftest.c >&5
configure:3418: $? = 0
configure:3434: result: yes
configure:3391: checking for stdlib.h
configure:3412: gcc -c -g -O2  conftest.c >&5
configure:3418: $? = 0
configure:3434: result: yes
configure:3391: checking for string.h
configure:3412: gcc -c -g -O2  conftest.c >&5
configure:3418: $? = 0
configure:3434: result: yes
configure:3391: checking for memory.h
configure:3412: gcc -c -g -O2  conftest.c >&5
configure:3418: $? = 0
configure:3434: result: yes
configure:3391: checking for strings.h
configure:3412: gcc -c -g -O2  conftest.c >&5
configure:3418: $? = 0
configure:3434: result: yes
configure:3391: checking for inttypes.h
configure:3412: gcc -c -g -O2  conftest.c >&5
configure:3418: $? = 0
configure:3434: result: yes
configure:3391: checking for stdint.h
configure:3412: gcc -c -g -O2  conftest.c >&5
configure:3418: $? = 0
configure:3434: result: yes
configure:3391: checking for unistd.h
configure:3412: gcc -c -g -O2  conftest.c >&5
configure:3418: $? = 0
configure:3434: result: yes
configure:3469: checking fcntl.h usability
configure:3486: gcc -c -g -O2  conftest.c >&5
configure:3492: $? = 0
configure:3506: result: yes
configure:3510: checking fcntl.h presence
configure:3525: gcc -E  conftest.c
configure:3531: $? = 0
configure:3545: result: yes
configure:3578: checking for fcntl.h
configure:3586: result: yes
configure:3469: checking limits.h usability
configure:3486: gcc -c -g -O2  conftest.c >&5
configure:3492: $? = 0
configure:3506: result: yes
configure:3510: checking limits.h presence
configure:3525: gcc -E  conftest.c
configure:3531: $? = 0
configure:3545: result: yes
configure:3578: checking for limits.h
configure:3586: result: yes
configure:3469: checking netdb.h usability
configure:3486: gcc -c -g -O2  conftest.c >&5
configure:3492: $? = 0
configure:3506: result: yes
configure:3510: checking netdb.h presence
configure:3525: gcc -E  conftest.c
configure:3531: $? = 0
configure:3545: result: yes
configure:3578: checking for netdb.h
configure:3586: result: yes
configure:3459: checking for stdlib.h
configure:3465: result: yes
configure:3459: checking for string.h
configure:3465: result: yes
configure:3459: checking for strings.h
configure:3465: result: yes
configure:3469: checking sys/file.h usability
configure:3486: gcc -c -g -O2  conftest.c >&5
configure:3492: $? = 0
configure:3506: result: yes
configure:3510: checking sys/file.h presence
configure:3525: gcc -E  conftest.c
configure:3531: $? = 0
configure:3545: result: yes
configure:3578: checking for sys/file.h
configure:3586: result: yes
configure:3469: checking sys/time.h usability
configure:3486: gcc -c -g -O2  conftest.c >&5
configure:3492: $? = 0
configure:3506: result: yes
configure:3510: checking sys/time.h presence
configure:3525: gcc -E  conftest.c
configure:3531: $? = 0
configure:3545: result: yes
configure:3578: checking for sys/time.h
configure:3586: result: yes
configure:3459: checking for unistd.h
configure:3465: result: yes
configure:3601: checking for an ANSI C-conforming const
configure:3676: gcc -c -g -O2  conftest.c >&5
configure:3682: $? = 0
configure:3697: result: yes
configure:3707: checking for inline
configure:3733: gcc -c -g -O2  conftest.c >&5
configure:3739: $? = 0
configure:3757: result: inline
configure:3776: checking for size_t
configure:3806: gcc -c -g -O2  conftest.c >&5
configure:3812: $? = 0
configure:3827: result: yes
configure:3839: checking for working volatile
configure:3868: gcc -c -g -O2  conftest.c >&5
configure:3874: $? = 0
configure:3889: result: yes
configure:3901: checking for pid_t
configure:3931: gcc -c -g -O2  conftest.c >&5
configure:3937: $? = 0
configure:3952: result: yes
configure:3979: checking vfork.h usability
configure:3996: gcc -c -g -O2  conftest.c >&5
conftest.c:63:10: fatal error: vfork.h: No such file or directory
 #include <vfork.h>
          ^~~~~~~~~
compilation terminated.
configure:4002: $? = 1
configure: failed program was:
| /* confdefs.h.  */
| #define PACKAGE_NAME "fawncalc"
| #define PACKAGE_TARNAME "fawncalc"
| #define PACKAGE_VERSION "0.0"
| #define PACKAGE_STRING "fawncalc 0.0"
| #define PACKAGE_BUGREPORT "juddy@ydduj.org"
| #define GNUPLOT "/usr/bin/gnuplot"
| #define HAVE_LIBCRYPT 1
| #define STDC_HEADERS 1
| #define HAVE_SYS_WAIT_H 1
| #define HAVE_SYS_TYPES_H 1
| #define HAVE_SYS_STAT_H 1
| #define HAVE_STDLIB_H 1
| #define HAVE_STRING_H 1
| #define HAVE_MEMORY_H 1
| #define HAVE_STRINGS_H 1
| #define HAVE_INTTYPES_H 1
| #define HAVE_STDINT_H 1
| #define HAVE_UNISTD_H 1
| #define HAVE_FCNTL_H 1
| #define HAVE_LIMITS_H 1
| #define HAVE_NETDB_H 1
| #define HAVE_STDLIB_H 1
| #define HAVE_STRING_H 1
| #define HAVE_STRINGS_H 1
| #define HAVE_SYS_FILE_H 1
| #define HAVE_SYS_TIME_H 1
| #define HAVE_UNISTD_H 1
| /* end confdefs.h.  */
| #include <stdio.h>
| #ifdef HAVE_SYS_TYPES_H
| # include <sys/types.h>
| #endif
| #ifdef HAVE_SYS_STAT_H
| # include <sys/stat.h>
| #endif
| #ifdef STDC_HEADERS
| # include <stdlib.h>
| # include <stddef.h>
| #else
| # ifdef HAVE_STDLIB_H
| #  include <stdlib.h>
| # endif
| #endif
| #ifdef HAVE_STRING_H
| # if !defined STDC_HEADERS && defined HAVE_MEMORY_H
| #  include <memory.h>
| # endif
| # include <string.h>
| #endif
| #ifdef HAVE_STRINGS_H
| # include <strings.h>
| #endif
| #ifdef HAVE_INTTYPES_H
| # include <inttypes.h>
| #endif
| #ifdef HAVE_STDINT_H
| # include <stdint.h>
| #endif
| #ifdef HAVE_UNISTD_H
| # include <unistd.h>
| #endif
| #include <vfork.h>
configure:4016: result: no
configure:4020: checking vfork.h presence
configure:4035: gcc -E  conftest.c
conftest.c:30:10: fatal error: vfork.h: No such file or directory
 #include <vfork.h>
          ^~~~~~~~~
compilation terminated.
configure:4041: $? = 1
configure: failed program was:
| /* confdefs.h.  */
| #define PACKAGE_NAME "fawncalc"
| #define PACKAGE_TARNAME "fawncalc"
| #define PACKAGE_VERSION "0.0"
| #define PACKAGE_STRING "fawncalc 0.0"
| #define PACKAGE_BUGREPORT "juddy@ydduj.org"
| #define GNUPLOT "/usr/bin/gnuplot"
| #define HAVE_LIBCRYPT 1
| #define STDC_HEADERS 1
| #define HAVE_SYS_WAIT_H 1
| #define HAVE_SYS_TYPES_H 1
| #define HAVE_SYS_STAT_H 1
| #define HAVE_STDLIB_H 1
| #define HAVE_STRING_H 1
| #define HAVE_MEMORY_H 1
| #define HAVE_STRINGS_H 1
| #define HAVE_INTTYPES_H 1
| #define HAVE_STDINT_H 1
| #define HAVE_UNISTD_H 1
| #define HAVE_FCNTL_H 1
| #define HAVE_LIMITS_H 1
| #define HAVE_NETDB_H 1
| #define HAVE_STDLIB_H 1
| #define HAVE_STRING_H 1
| #define HAVE_STRINGS_H 1
| #define HAVE_SYS_FILE_H 1
| #define HAVE_SYS_TIME_H 1
| #define HAVE_UNISTD_H 1
| /* end confdefs.h.  */
| #include <vfork.h>
configure:4055: result: no
configure:4088: checking for vfork.h
configure:4096: result: no
configure:4114: checking for fork
configure:4170: gcc -o conftest -g -O2   conftest.c -lcrypt  >&5
conftest.c:53:6: warning: conflicting types for built-in function 'fork' [-Wbuiltin-declaration-mismatch]
 char fork ();
      ^~~~
configure:4176: $? = 0
configure:4194: result: yes
configure:4114: checking for vfork
configure:4170: gcc -o conftest -g -O2   conftest.c -lcrypt  >&5
configure:4176: $? = 0
configure:4194: result: yes
configure:4205: checking for working fork
configure:4237: gcc -o conftest -g -O2   conftest.c -lcrypt  >&5
configure:4240: $? = 0
configure:4246: ./conftest
configure:4249: $? = 0
configure:4265: result: yes
configure:4286: checking for working vfork
configure:4424: result: yes
configure:4460: checking for stdlib.h
configure:4466: result: yes
configure:4600: checking for GNU libc compatible malloc
configure:4634: gcc -o conftest -g -O2   conftest.c -lcrypt  >&5
configure:4637: $? = 0
configure:4643: ./conftest
configure:4646: $? = 0
configure:4662: result: yes
configure:4690: checking return type of signal handlers
configure:4718: gcc -c -g -O2  conftest.c >&5
conftest.c: In function 'main':
conftest.c:42:10: error: void value not ignored as it ought to be
 return *(signal (0, 0)) (0) == 1;
         ~^~~~~~~~~~~~~~~~~~
configure:4724: $? = 1
configure: failed program was:
| /* confdefs.h.  */
| #define PACKAGE_NAME "fawncalc"
| #define PACKAGE_TARNAME "fawncalc"
| #define PACKAGE_VERSION "0.0"
| #define PACKAGE_STRING "fawncalc 0.0"
| #define PACKAGE_BUGREPORT "juddy@ydduj.org"
| #define GNUPLOT "/usr/bin/gnuplot"
| #define HAVE_LIBCRYPT 1
| #define STDC_HEADERS 1
| #define HAVE_SYS_WAIT_H 1
| #define HAVE_SYS_TYPES_H 1
| #define HAVE_SYS_STAT_H 1
| #define HAVE_STDLIB_H 1
| #define HAVE_STRING_H 1
| #define HAVE_MEMORY_H 1
| #define HAVE_STRINGS_H 1
| #define HAVE_INTTYPES_H 1
| #define HAVE_STDINT_H 1
| #define HAVE_UNISTD_H 1
| #define HAVE_FCNTL_H 1
| #define HAVE_LIMITS_H 1
| #define HAVE_NETDB_H 1
| #define HAVE_STDLIB_H 1
| #define HAVE_STRING_H 1
| #define HAVE_STRINGS_H 1
| #define HAVE_SYS_FILE_H 1
| #define HAVE_SYS_TIME_H 1
| #define HAVE_UNISTD_H 1
| #define HAVE_FORK 1
| #define HAVE_VFORK 1
| #define HAVE_WORKING_VFORK 1
| #define HAVE_WORKING_FORK 1
| #define HAVE_STDLIB_H 1
| #define HAVE_MALLOC 1
| /* end confdefs.h.  */
| #include <sys/types.h>
| #include <signal.h>
| 
| int
| main ()
| {
| return *(signal (0, 0)) (0) == 1;
|   ;
|   return 0;
| }
configure:4739: result: void
configure:4747: checking whether lstat dereferences a symlink specified with a trailing slash
configure:4783: gcc -o conftest -g -O2   conftest.c -lcrypt  >&5
configure:4786: $? = 0
configure:4792: ./conftest
configure:4795: $? = 0
configure:4818: result: yes
configure:4837: checking whether stat accepts an empty string
configure:4867: gcc -o conftest -g -O2   conftest.c -lcrypt  >&5
configure:4870: $? = 0
configure:4876: ./conftest
configure:4879: $? = 0
configure:4895: result: no
configure:4915: checking for vprintf
configure:4971: gcc -o conftest -g -O2   conftest.c -lcrypt  >&5
conftest.c:61:6: warning: conflicting types for built-in function 'vprintf' [-Wbuiltin-declaration-mismatch]
 char vprintf ();
      ^~~~~~~
configure:4977: $? = 0
configure:4995: result: yes
configure:5002: checking for _doprnt
configure:5058: gcc -o conftest -g -O2   conftest.c -lcrypt  >&5
/tmp/ccbprwav.o: In function `main':
/home/itomato/beta.a9group.net/fawncalc/conftest.c:73: undefined reference to `_doprnt'
collect2: error: ld returned 1 exit status
configure:5064: $? = 1
configure: failed program was:
| /* confdefs.h.  */
| #define PACKAGE_NAME "fawncalc"
| #define PACKAGE_TARNAME "fawncalc"
| #define PACKAGE_VERSION "0.0"
| #define PACKAGE_STRING "fawncalc 0.0"
| #define PACKAGE_BUGREPORT "juddy@ydduj.org"
| #define GNUPLOT "/usr/bin/gnuplot"
| #define HAVE_LIBCRYPT 1
| #define STDC_HEADERS 1
| #define HAVE_SYS_WAIT_H 1
| #define HAVE_SYS_TYPES_H 1
| #define HAVE_SYS_STAT_H 1
| #define HAVE_STDLIB_H 1
| #define HAVE_STRING_H 1
| #define HAVE_MEMORY_H 1
| #define HAVE_STRINGS_H 1
| #define HAVE_INTTYPES_H 1
| #define HAVE_STDINT_H 1
| #define HAVE_UNISTD_H 1
| #define HAVE_FCNTL_H 1
| #define HAVE_LIMITS_H 1
| #define HAVE_NETDB_H 1
| #define HAVE_STDLIB_H 1
| #define HAVE_STRING_H 1
| #define HAVE_STRINGS_H 1
| #define HAVE_SYS_FILE_H 1
| #define HAVE_SYS_TIME_H 1
| #define HAVE_UNISTD_H 1
| #define HAVE_FORK 1
| #define HAVE_VFORK 1
| #define HAVE_WORKING_VFORK 1
| #define HAVE_WORKING_FORK 1
| #define HAVE_STDLIB_H 1
| #define HAVE_MALLOC 1
| #define RETSIGTYPE void
| #define LSTAT_FOLLOWS_SLASHED_SYMLINK 1
| #define HAVE_VPRINTF 1
| /* end confdefs.h.  */
| /* Define _doprnt to an innocuous variant, in case <limits.h> declares _doprnt.
|    For example, HP-UX 11i <limits.h> declares gettimeofday.  */
| #define _doprnt innocuous__doprnt
| 
| /* System header to define __stub macros and hopefully few prototypes,
|     which can conflict with char _doprnt (); below.
|     Prefer <limits.h> to <assert.h> if __STDC__ is defined, since
|     <limits.h> exists even on freestanding compilers.  */
| 
| #ifdef __STDC__
| # include <limits.h>
| #else
| # include <assert.h>
| #endif
| 
| #undef _doprnt
| 
| /* Override any GCC internal prototype to avoid an error.
|    Use char because int might match the return type of a GCC
|    builtin and then its argument prototype would still apply.  */
| #ifdef __cplusplus
| extern "C"
| #endif
| char _doprnt ();
| /* The GNU C library defines this for functions which it implements
|     to always fail with ENOSYS.  Some functions are actually named
|     something starting with __ and the normal name is an alias.  */
| #if defined __stub__doprnt || defined __stub____doprnt
| choke me
| #endif
| 
| int
| main ()
| {
| return _doprnt ();
|   ;
|   return 0;
| }
configure:5081: result: no
configure:5103: checking for gethostbyname
configure:5159: gcc -o conftest -g -O2   conftest.c -lcrypt  >&5
configure:5165: $? = 0
configure:5183: result: yes
configure:5103: checking for strdup
configure:5159: gcc -o conftest -g -O2   conftest.c -lcrypt  >&5
conftest.c:63:6: warning: conflicting types for built-in function 'strdup' [-Wbuiltin-declaration-mismatch]
 char strdup ();
      ^~~~~~
configure:5165: $? = 0
configure:5183: result: yes
configure:5103: checking for strspn
configure:5159: gcc -o conftest -g -O2   conftest.c -lcrypt  >&5
conftest.c:64:6: warning: conflicting types for built-in function 'strspn' [-Wbuiltin-declaration-mismatch]
 char strspn ();
      ^~~~~~
configure:5165: $? = 0
configure:5183: result: yes
configure:5103: checking for strstr
configure:5159: gcc -o conftest -g -O2   conftest.c -lcrypt  >&5
conftest.c:65:6: warning: conflicting types for built-in function 'strstr' [-Wbuiltin-declaration-mismatch]
 char strstr ();
      ^~~~~~
configure:5165: $? = 0
configure:5183: result: yes
configure:5103: checking for strtol
configure:5159: gcc -o conftest -g -O2   conftest.c -lcrypt  >&5
configure:5165: $? = 0
configure:5183: result: yes
configure:5197: checking for mergesort
configure:5253: gcc -o conftest -g -O2   conftest.c -lcrypt  >&5
/tmp/ccmmnX1L.o: In function `main':
/home/itomato/beta.a9group.net/fawncalc/conftest.c:78: undefined reference to `mergesort'
collect2: error: ld returned 1 exit status
configure:5259: $? = 1
configure: failed program was:
| /* confdefs.h.  */
| #define PACKAGE_NAME "fawncalc"
| #define PACKAGE_TARNAME "fawncalc"
| #define PACKAGE_VERSION "0.0"
| #define PACKAGE_STRING "fawncalc 0.0"
| #define PACKAGE_BUGREPORT "juddy@ydduj.org"
| #define GNUPLOT "/usr/bin/gnuplot"
| #define HAVE_LIBCRYPT 1
| #define STDC_HEADERS 1
| #define HAVE_SYS_WAIT_H 1
| #define HAVE_SYS_TYPES_H 1
| #define HAVE_SYS_STAT_H 1
| #define HAVE_STDLIB_H 1
| #define HAVE_STRING_H 1
| #define HAVE_MEMORY_H 1
| #define HAVE_STRINGS_H 1
| #define HAVE_INTTYPES_H 1
| #define HAVE_STDINT_H 1
| #define HAVE_UNISTD_H 1
| #define HAVE_FCNTL_H 1
| #define HAVE_LIMITS_H 1
| #define HAVE_NETDB_H 1
| #define HAVE_STDLIB_H 1
| #define HAVE_STRING_H 1
| #define HAVE_STRINGS_H 1
| #define HAVE_SYS_FILE_H 1
| #define HAVE_SYS_TIME_H 1
| #define HAVE_UNISTD_H 1
| #define HAVE_FORK 1
| #define HAVE_VFORK 1
| #define HAVE_WORKING_VFORK 1
| #define HAVE_WORKING_FORK 1
| #define HAVE_STDLIB_H 1
| #define HAVE_MALLOC 1
| #define RETSIGTYPE void
| #define LSTAT_FOLLOWS_SLASHED_SYMLINK 1
| #define HAVE_VPRINTF 1
| #define HAVE_GETHOSTBYNAME 1
| #define HAVE_STRDUP 1
| #define HAVE_STRSPN 1
| #define HAVE_STRSTR 1
| #define HAVE_STRTOL 1
| /* end confdefs.h.  */
| /* Define mergesort to an innocuous variant, in case <limits.h> declares mergesort.
|    For example, HP-UX 11i <limits.h> declares gettimeofday.  */
| #define mergesort innocuous_mergesort
| 
| /* System header to define __stub macros and hopefully few prototypes,
|     which can conflict with char mergesort (); below.
|     Prefer <limits.h> to <assert.h> if __STDC__ is defined, since
|     <limits.h> exists even on freestanding compilers.  */
| 
| #ifdef __STDC__
| # include <limits.h>
| #else
| # include <assert.h>
| #endif
| 
| #undef mergesort
| 
| /* Override any GCC internal prototype to avoid an error.
|    Use char because int might match the return type of a GCC
|    builtin and then its argument prototype would still apply.  */
| #ifdef __cplusplus
| extern "C"
| #endif
| char mergesort ();
| /* The GNU C library defines this for functions which it implements
|     to always fail with ENOSYS.  Some functions are actually named
|     something starting with __ and the normal name is an alias.  */
| #if defined __stub_mergesort || defined __stub___mergesort
| choke me
| #endif
| 
| int
| main ()
| {
| return mergesort ();
|   ;
|   return 0;
| }
configure:5277: result: no
configure:5398: creating ./config.status

## ---------------------- ##
## Running config.status. ##
## ---------------------- ##

This file was extended by fawncalc config.status 0.0, which was
generated by GNU Autoconf 2.61.  Invocation command line was

  CONFIG_FILES    = 
  CONFIG_HEADERS  = 
  CONFIG_LINKS    = 
  CONFIG_COMMANDS = 
  $ ./config.status 

on flag

config.status:592: creating Makefile
config.status:592: creating config.h
config.status:831: config.h is unchanged

## ---------------- ##
## Cache variables. ##
## ---------------- ##

ac_cv_c_compiler_gnu=yes
ac_cv_c_const=yes
ac_cv_c_inline=inline
ac_cv_c_volatile=yes
ac_cv_env_CC_set=
ac_cv_env_CC_value=
ac_cv_env_CFLAGS_set=
ac_cv_env_CFLAGS_value=
ac_cv_env_CPPFLAGS_set=
ac_cv_env_CPPFLAGS_value=
ac_cv_env_CPP_set=
ac_cv_env_CPP_value=
ac_cv_env_LDFLAGS_set=
ac_cv_env_LDFLAGS_value=
ac_cv_env_LIBS_set=
ac_cv_env_LIBS_value=
ac_cv_env_build_alias_set=
ac_cv_env_build_alias_value=
ac_cv_env_host_alias_set=
ac_cv_env_host_alias_value=
ac_cv_env_target_alias_set=
ac_cv_env_target_alias_value=
ac_cv_func__doprnt=no
ac_cv_func_fork=yes
ac_cv_func_fork_works=yes
ac_cv_func_gethostbyname=yes
ac_cv_func_lstat_dereferences_slashed_symlink=yes
ac_cv_func_malloc_0_nonnull=yes
ac_cv_func_mergesort=no
ac_cv_func_stat_empty_string_bug=no
ac_cv_func_strdup=yes
ac_cv_func_strspn=yes
ac_cv_func_strstr=yes
ac_cv_func_strtol=yes
ac_cv_func_vfork=yes
ac_cv_func_vfork_works=yes
ac_cv_func_vprintf=yes
ac_cv_header_fcntl_h=yes
ac_cv_header_inttypes_h=yes
ac_cv_header_limits_h=yes
ac_cv_header_memory_h=yes
ac_cv_header_netdb_h=yes
ac_cv_header_stdc=yes
ac_cv_header_stdint_h=yes
ac_cv_header_stdlib_h=yes
ac_cv_header_string_h=yes
ac_cv_header_strings_h=yes
ac_cv_header_sys_file_h=yes
ac_cv_header_sys_stat_h=yes
ac_cv_header_sys_time_h=yes
ac_cv_header_sys_types_h=yes
ac_cv_header_sys_wait_h=yes
ac_cv_header_unistd_h=yes
ac_cv_header_vfork_h=no
ac_cv_lib_crypt_crypt=yes
ac_cv_objext=o
ac_cv_path_EGREP='/bin/grep -E'
ac_cv_path_GNUPLOT=/usr/bin/gnuplot
ac_cv_path_GREP=/bin/grep
ac_cv_prog_CPP='gcc -E'
ac_cv_prog_ac_ct_CC=gcc
ac_cv_prog_cc_c89=
ac_cv_prog_cc_g=yes
ac_cv_type_pid_t=yes
ac_cv_type_signal=void
ac_cv_type_size_t=yes

## ----------------- ##
## Output variables. ##
## ----------------- ##

CC='gcc'
CFLAGS='-g -O2'
CPP='gcc -E'
CPPFLAGS=''
DEFS='-DHAVE_CONFIG_H'
ECHO_C=''
ECHO_N='-n'
ECHO_T=''
EGREP='/bin/grep -E'
EXEEXT=''
GNUPLOT='/usr/bin/gnuplot'
GREP='/bin/grep'
LDFLAGS=''
LIBOBJS=' ${LIBOBJDIR}mergesort$U.o'
LIBS='-lcrypt '
LTLIBOBJS=' ${LIBOBJDIR}mergesort$U.lo'
OBJEXT='o'
PACKAGE_BUGREPORT='juddy@ydduj.org'
PACKAGE_NAME='fawncalc'
PACKAGE_STRING='fawncalc 0.0'
PACKAGE_TARNAME='fawncalc'
PACKAGE_VERSION='0.0'
PATH_SEPARATOR=':'
SHELL='/bin/sh'
ac_ct_CC='gcc'
bindir='${exec_prefix}/bin'
build_alias=''
datadir='${datarootdir}'
datarootdir='${prefix}/share'
docdir='${datarootdir}/doc/${PACKAGE_TARNAME}'
dvidir='${docdir}'
exec_prefix='${prefix}'
host_alias=''
htmldir='${docdir}'
includedir='${prefix}/include'
infodir='${datarootdir}/info'
libdir='${exec_prefix}/lib'
libexecdir='${exec_prefix}/libexec'
localedir='${datarootdir}/locale'
localstatedir='${prefix}/var'
mandir='${datarootdir}/man'
oldincludedir='/usr/include'
pdfdir='${docdir}'
prefix='/var/www'
program_transform_name='s,x,x,'
psdir='${docdir}'
sbindir='${exec_prefix}/sbin'
sharedstatedir='${prefix}/com'
sysconfdir='${prefix}/etc'
target_alias=''

## ----------- ##
## confdefs.h. ##
## ----------- ##

#define PACKAGE_NAME "fawncalc"
#define PACKAGE_TARNAME "fawncalc"
#define PACKAGE_VERSION "0.0"
#define PACKAGE_STRING "fawncalc 0.0"
#define PACKAGE_BUGREPORT "juddy@ydduj.org"
#define GNUPLOT "/usr/bin/gnuplot"
#define HAVE_LIBCRYPT 1
#define STDC_HEADERS 1
#define HAVE_SYS_WAIT_H 1
#define HAVE_SYS_TYPES_H 1
#define HAVE_SYS_STAT_H 1
#define HAVE_STDLIB_H 1
#define HAVE_STRING_H 1
#define HAVE_MEMORY_H 1
#define HAVE_STRINGS_H 1
#define HAVE_INTTYPES_H 1
#define HAVE_STDINT_H 1
#define HAVE_UNISTD_H 1
#define HAVE_FCNTL_H 1
#define HAVE_LIMITS_H 1
#define HAVE_NETDB_H 1
#define HAVE_STDLIB_H 1
#define HAVE_STRING_H 1
#define HAVE_STRINGS_H 1
#define HAVE_SYS_FILE_H 1
#define HAVE_SYS_TIME_H 1
#define HAVE_UNISTD_H 1
#define HAVE_FORK 1
#define HAVE_VFORK 1
#define HAVE_WORKING_VFORK 1
#define HAVE_WORKING_FORK 1
#define HAVE_STDLIB_H 1
#define HAVE_MALLOC 1
#define RETSIGTYPE void
#define LSTAT_FOLLOWS_SLASHED_SYMLINK 1
#define HAVE_VPRINTF 1
#define HAVE_GETHOSTBYNAME 1
#define HAVE_STRDUP 1
#define HAVE_STRSPN 1
#define HAVE_STRSTR 1
#define HAVE_STRTOL 1

configure: exit 0
